<?xml version="1.0" encoding="UTF-8"?>
<testsuite name="com.mendix.recipes.RecipesApplicationTests" tests="1" skipped="0" failures="0" errors="0" timestamp="2023-06-02T08:49:17" hostname="Pedros-MacBook-Pro.local" time="0.162">
  <properties/>
  <testcase name="contextLoads()" classname="com.mendix.recipes.RecipesApplicationTests" time="0.162"/>
  <system-out><![CDATA[03:49:16.677 [Test worker] DEBUG org.springframework.boot.test.context.SpringBootTestContextBootstrapper -- Neither @ContextConfiguration nor @ContextHierarchy found for test class [RecipesApplicationTests]: using SpringBootContextLoader
03:49:16.680 [Test worker] DEBUG org.springframework.test.context.support.AbstractContextLoader -- Could not detect default resource locations for test class [com.mendix.recipes.RecipesApplicationTests]: no resource found for suffixes {-context.xml, Context.groovy}.
03:49:16.680 [Test worker] INFO org.springframework.test.context.support.AnnotationConfigContextLoaderUtils -- Could not detect default configuration classes for test class [com.mendix.recipes.RecipesApplicationTests]: RecipesApplicationTests does not declare any static, non-private, non-final, nested classes annotated with @Configuration.
03:49:16.688 [Test worker] DEBUG org.springframework.boot.test.context.SpringBootTestContextBootstrapper -- Using ContextCustomizers for test class [RecipesApplicationTests]: [DisableObservabilityContextCustomizer, PropertyMappingContextCustomizer, Customizer, ExcludeFilterContextCustomizer, DuplicateJsonObjectContextCustomizer, MockitoContextCustomizer, TestRestTemplateContextCustomizer]
03:49:16.720 [Test worker] DEBUG org.springframework.context.annotation.ClassPathScanningCandidateComponentProvider -- Identified candidate component class: file [/Users/pedrodelg/Dev/Java-projects/mendix-assignment/recipes/build/classes/java/main/com/mendix/recipes/RecipesApplication.class]
03:49:16.721 [Test worker] INFO org.springframework.boot.test.context.SpringBootTestContextBootstrapper -- Found @SpringBootConfiguration com.mendix.recipes.RecipesApplication for test class com.mendix.recipes.RecipesApplicationTests
03:49:16.755 [Test worker] DEBUG org.springframework.test.context.util.TestContextSpringFactoriesUtils -- Skipping candidate TestExecutionListener [org.springframework.test.context.transaction.TransactionalTestExecutionListener] due to a missing dependency. Specify custom TestExecutionListener classes or make the default TestExecutionListener classes and their required dependencies available. Offending class: [org/springframework/transaction/interceptor/TransactionAttributeSource]
03:49:16.755 [Test worker] DEBUG org.springframework.test.context.util.TestContextSpringFactoriesUtils -- Skipping candidate TestExecutionListener [org.springframework.test.context.jdbc.SqlScriptsTestExecutionListener] due to a missing dependency. Specify custom TestExecutionListener classes or make the default TestExecutionListener classes and their required dependencies available. Offending class: [org/springframework/transaction/interceptor/TransactionAttribute]
03:49:16.756 [Test worker] DEBUG org.springframework.boot.test.context.SpringBootTestContextBootstrapper -- Using TestExecutionListeners for test class [RecipesApplicationTests]: [ServletTestExecutionListener, DirtiesContextBeforeModesTestExecutionListener, ApplicationEventsTestExecutionListener, MockitoTestExecutionListener, DependencyInjectionTestExecutionListener, DirtiesContextTestExecutionListener, EventPublishingTestExecutionListener, RestDocsTestExecutionListener, MockRestServiceServerResetTestExecutionListener, MockMvcPrintOnlyOnFailureTestExecutionListener, WebDriverTestExecutionListener, MockWebServiceServerTestExecutionListener, ResetMocksTestExecutionListener]
03:49:16.757 [Test worker] DEBUG org.springframework.test.context.support.AbstractDirtiesContextTestExecutionListener -- Before test class: class [RecipesApplicationTests], class annotated with @DirtiesContext [false] with mode [null]

  .   ____          _            __ _ _
 /\\ / ___'_ __ _ _(_)_ __  __ _ \ \ \ \
( ( )\___ | '_ | '_| | '_ \/ _` | \ \ \ \
 \\/  ___)| |_)| | | | | || (_| |  ) ) ) )
  '  |____| .__|_| |_|_| |_\__, | / / / /
 =========|_|==============|___/=/_/_/_/
 :: Spring Boot ::                (v3.0.7)

2023-06-02T03:49:16.904-05:00  INFO 30446 --- [    Test worker] c.m.recipes.RecipesApplicationTests      : Starting RecipesApplicationTests using Java 17.0.7 with PID 30446 (started by pedrodelg in /Users/pedrodelg/Dev/Java-projects/mendix-assignment/recipes)
2023-06-02T03:49:16.905-05:00  INFO 30446 --- [    Test worker] c.m.recipes.RecipesApplicationTests      : No active profile set, falling back to 1 default profile: "default"
2023-06-02T03:49:17.445-05:00  INFO 30446 --- [    Test worker] c.m.recipes.RecipesApplicationTests      : Started RecipesApplicationTests in 0.668 seconds (process running for 1.133)
]]></system-out>
  <system-err><![CDATA[]]></system-err>
</testsuite>
