<?xml version="1.0" encoding="UTF-8"?>
<testsuite name="com.mendix.recipes.operation.RecipesOperationTest" tests="4" skipped="0" failures="0" errors="0" timestamp="2023-06-02T08:49:17" hostname="Pedros-MacBook-Pro.local" time="0.014">
  <properties/>
  <testcase name="test_get_recipes_without_category()" classname="com.mendix.recipes.operation.RecipesOperationTest" time="0.01"/>
  <testcase name="test_get_recipes_with_category()" classname="com.mendix.recipes.operation.RecipesOperationTest" time="0.001"/>
  <testcase name="test_add_new_recipe_success()" classname="com.mendix.recipes.operation.RecipesOperationTest" time="0.002"/>
  <testcase name="test_add_new_recipe_recipe_already_exists()" classname="com.mendix.recipes.operation.RecipesOperationTest" time="0.001"/>
  <system-out><![CDATA[]]></system-out>
  <system-err><![CDATA[]]></system-err>
</testsuite>
